<?xml version="1.0" encoding="UTF-8"?>
<testng-results ignored="0" total="1" passed="1" failed="0" skipped="0">
  <reporter-output>
  </reporter-output>
  <suite started-at="2021-03-02T14:32:54 IST" name="Surefire suite" finished-at="2021-03-02T14:33:07 IST" duration-ms="13318">
    <groups>
    </groups>
    <test started-at="2021-03-02T14:32:54 IST" name="Surefire test" finished-at="2021-03-02T14:33:07 IST" duration-ms="13318">
      <class name="example.NewTest">
        <test-method is-config="true" signature="beforeTest()[pri:0, instance:example.NewTest@23a5fd2]" started-at="2021-03-02T14:32:54 IST" name="beforeTest" finished-at="2021-03-02T14:32:59 IST" duration-ms="5019" status="PASS">
          <reporter-output>
          </reporter-output>
        </test-method> <!-- beforeTest -->
        <test-method signature="method()[pri:0, instance:example.NewTest@23a5fd2]" started-at="2021-03-02T14:32:59 IST" name="method" finished-at="2021-03-02T14:33:07 IST" duration-ms="7456" status="PASS">
          <reporter-output>
          </reporter-output>
        </test-method> <!-- method -->
        <test-method is-config="true" signature="afterTest()[pri:0, instance:example.NewTest@23a5fd2]" started-at="2021-03-02T14:33:07 IST" name="afterTest" finished-at="2021-03-02T14:33:07 IST" duration-ms="791" status="PASS">
          <reporter-output>
          </reporter-output>
        </test-method> <!-- afterTest -->
      </class> <!-- example.NewTest -->
    </test> <!-- Surefire test -->
  </suite> <!-- Surefire suite -->
</testng-results>
