<?xml version="1.0" encoding="UTF-8"?>
<!-- Generated by org.testng.reporters.JUnitXMLReporter -->
<testsuite ignored="0" hostname="TBLSYS018" failures="0" tests="1" name="Surefire test" time="0.063" errors="0" timestamp="2021-03-02T14:33:08 IST">
  <testcase classname="demo.integration.ZephyrJiraSeleniumJenkins.ZephyrJiraSeleniumJenkins.AppTest" name="shouldAnswerWithTrue on shouldAnswerWithTrue(demo.integration.ZephyrJiraSeleniumJenkins.ZephyrJiraSeleniumJenkins.AppTest)" time="0.009"/>
</testsuite> <!-- Surefire test -->
